==50179== Memcheck, a memory error detector
==50179== Copyright (C) 2002-2017, and GNU GPL'd, by Julian Seward et al.
==50179== Using Valgrind-3.18.1 and LibVEX; rerun with -h for copyright info
==50179== Command: ../so_long maps/not_surrounded1.ber
==50179== Parent PID: 50141
==50179== 
==50179== Invalid write of size 8
==50179==    at 0x10F01D: create_map (in /home/drago/so_long/so_long)
==50179==    by 0x10F05F: generate_map (in /home/drago/so_long/so_long)
==50179==    by 0x10FF6B: main (in /home/drago/so_long/so_long)
==50179==  Address 0x4c4fdb8 is 56 bytes inside a block of size 57 alloc'd
==50179==    at 0x4848899: malloc (in /usr/libexec/valgrind/vgpreload_memcheck-amd64-linux.so)
==50179==    by 0x10EF8E: create_map (in /home/drago/so_long/so_long)
==50179==    by 0x10F05F: generate_map (in /home/drago/so_long/so_long)
==50179==    by 0x10FF6B: main (in /home/drago/so_long/so_long)
==50179== 
{
   <insert_a_suppression_name_here>
   Memcheck:Addr8
   fun:create_map
   fun:generate_map
   fun:main
}
==50179== Conditional jump or move depends on uninitialised value(s)
==50179==    at 0x10F286: set_collectibles_number (in /home/drago/so_long/so_long)
==50179==    by 0x10F092: generate_map (in /home/drago/so_long/so_long)
==50179==    by 0x10FF6B: main (in /home/drago/so_long/so_long)
==50179== 
{
   <insert_a_suppression_name_here>
   Memcheck:Cond
   fun:set_collectibles_number
   fun:generate_map
   fun:main
}
==50179== Conditional jump or move depends on uninitialised value(s)
==50179==    at 0x110C5A: check_map_characters (in /home/drago/so_long/so_long)
==50179==    by 0x110A15: validate_map (in /home/drago/so_long/so_long)
==50179==    by 0x10FFC6: main (in /home/drago/so_long/so_long)
==50179== 
{
   <insert_a_suppression_name_here>
   Memcheck:Cond
   fun:check_map_characters
   fun:validate_map
   fun:main
}
==50179== Conditional jump or move depends on uninitialised value(s)
==50179==    at 0x11099F: check_rectangular (in /home/drago/so_long/so_long)
==50179==    by 0x110A31: validate_map (in /home/drago/so_long/so_long)
==50179==    by 0x10FFC6: main (in /home/drago/so_long/so_long)
==50179== 
{
   <insert_a_suppression_name_here>
   Memcheck:Cond
   fun:check_rectangular
   fun:validate_map
   fun:main
}
==50179== Conditional jump or move depends on uninitialised value(s)
==50179==    at 0x110D47: check_border_rows (in /home/drago/so_long/so_long)
==50179==    by 0x110DEF: check_surrounded (in /home/drago/so_long/so_long)
==50179==    by 0x110A4D: validate_map (in /home/drago/so_long/so_long)
==50179==    by 0x10FFC6: main (in /home/drago/so_long/so_long)
==50179== 
{
   <insert_a_suppression_name_here>
   Memcheck:Cond
   fun:check_border_rows
   fun:check_surrounded
   fun:validate_map
   fun:main
}
==50179== Conditional jump or move depends on uninitialised value(s)
==50179==    at 0x10E97F: destroy_map (in /home/drago/so_long/so_long)
==50179==    by 0x10FFDF: main (in /home/drago/so_long/so_long)
==50179== 
{
   <insert_a_suppression_name_here>
   Memcheck:Cond
   fun:destroy_map
   fun:main
}
==50179== Conditional jump or move depends on uninitialised value(s)
==50179==    at 0x484B235: free (in /usr/libexec/valgrind/vgpreload_memcheck-amd64-linux.so)
==50179==    by 0x10E9A4: destroy_map (in /home/drago/so_long/so_long)
==50179==    by 0x10FFDF: main (in /home/drago/so_long/so_long)
==50179== 
{
   <insert_a_suppression_name_here>
   Memcheck:Cond
   fun:free
   fun:destroy_map
   fun:main
}
==50179== 
==50179== HEAP SUMMARY:
==50179==     in use at exit: 0 bytes in 0 blocks
==50179==   total heap usage: 59 allocs, 59 frees, 2,009 bytes allocated
==50179== 
==50179== All heap blocks were freed -- no leaks are possible
==50179== 
==50179== Use --track-origins=yes to see where uninitialised values come from
==50179== For lists of detected and suppressed errors, rerun with: -s
==50179== ERROR SUMMARY: 7 errors from 7 contexts (suppressed: 0 from 0)
